DEBUG - asyncio - 2023-04-03 15:58:53,662 - Using selector: KqueueSelector - line=54  
DEBUG - asyncio - 2023-04-03 16:00:18,760 - Using selector: KqueueSelector - line=54  
DEBUG - asyncio - 2023-04-03 16:00:29,200 - Using selector: KqueueSelector - line=54  
INFO  - alembic.runtime.migration - 2023-04-03 16:10:56,441 - Context impl PostgresqlImpl. - line=205 
INFO  - alembic.runtime.migration - 2023-04-03 16:10:56,442 - Will assume transactional DDL. - line=208 
INFO  - alembic.autogenerate.compare - 2023-04-03 16:10:56,458 - Detected added table 'documents' - line=183 
INFO  - alembic.autogenerate.compare - 2023-04-03 16:10:56,458 - Detected added index 'ix_documents_id' on '['id']' - line=694 
INFO  - alembic.runtime.migration - 2023-04-03 16:11:21,932 - Context impl PostgresqlImpl. - line=205 
INFO  - alembic.runtime.migration - 2023-04-03 16:11:21,932 - Will assume transactional DDL. - line=208 
INFO  - alembic.runtime.migration - 2023-04-03 16:11:21,942 - Running upgrade  -> 212754afd1b3, init db - line=619 
DEBUG - asyncio - 2023-04-03 16:12:25,469 - Using selector: KqueueSelector - line=54  
INFO  - alembic.runtime.migration - 2023-04-03 16:40:36,497 - Context impl PostgresqlImpl. - line=205 
INFO  - alembic.runtime.migration - 2023-04-03 16:40:36,498 - Will assume transactional DDL. - line=208 
INFO  - alembic.autogenerate.compare - 2023-04-03 16:40:36,589 - Detected added column 'documents.ts_vector' - line=370 
INFO  - alembic.autogenerate.compare - 2023-04-03 16:40:36,592 - Detected added index 'ix_video_ts_vector' on '['ts_vector']' - line=694 
INFO  - alembic.runtime.migration - 2023-04-03 16:41:22,006 - Context impl PostgresqlImpl. - line=205 
INFO  - alembic.runtime.migration - 2023-04-03 16:41:22,006 - Will assume transactional DDL. - line=208 
INFO  - alembic.runtime.migration - 2023-04-03 16:41:22,014 - Running upgrade 212754afd1b3 -> a8e6bca12c86, add fts for english - line=619 
INFO  - alembic.runtime.migration - 2023-04-03 16:42:00,228 - Context impl PostgresqlImpl. - line=205 
INFO  - alembic.runtime.migration - 2023-04-03 16:42:00,228 - Will assume transactional DDL. - line=208 
INFO  - alembic.runtime.migration - 2023-04-03 16:42:00,238 - Running upgrade 212754afd1b3 -> a8e6bca12c86, add fts for english - line=619 
DEBUG - asyncio - 2023-04-03 16:42:32,079 - Using selector: KqueueSelector - line=54  
DEBUG - asyncio - 2023-04-03 16:43:09,082 - Using selector: KqueueSelector - line=54  
DEBUG - asyncio - 2023-04-03 16:43:26,924 - Using selector: KqueueSelector - line=54  
DEBUG - asyncio - 2023-04-03 16:43:51,649 - Using selector: KqueueSelector - line=54  
DEBUG - asyncio - 2023-04-03 16:44:47,976 - Using selector: KqueueSelector - line=54  
DEBUG - asyncio - 2023-04-03 16:45:00,300 - Using selector: KqueueSelector - line=54  
DEBUG - asyncio - 2023-04-03 16:45:54,426 - Using selector: KqueueSelector - line=54  
DEBUG - asyncio - 2023-04-03 16:46:57,956 - Using selector: KqueueSelector - line=54  
DEBUG - asyncio - 2023-04-03 16:47:08,267 - Using selector: KqueueSelector - line=54  
DEBUG - asyncio - 2023-04-03 16:47:16,482 - Using selector: KqueueSelector - line=54  
